{"level":"info","message":"Hey! I'm listening on port: 3000","timestamp":"2022-08-30T13:04:35.787Z"}
{"context":"RoutesResolver","level":"info","message":"UsersController {/}:","timestamp":"2022-08-30T13:04:35.795Z"}
{"context":"RouterExplorer","level":"info","message":"Mapped {/, GET} route","timestamp":"2022-08-30T13:04:35.804Z"}
{"context":"RouterExplorer","level":"info","message":"Mapped {/user, POST} route","timestamp":"2022-08-30T13:04:35.806Z"}
{"context":"RouterExplorer","level":"info","message":"Mapped {/user/:email, GET} route","timestamp":"2022-08-30T13:04:35.808Z"}
{"context":"RouterExplorer","level":"info","message":"Mapped {/user, PUT} route","timestamp":"2022-08-30T13:04:35.810Z"}
{"context":"RouterExplorer","level":"info","message":"Mapped {/user/:email, DELETE} route","timestamp":"2022-08-30T13:04:35.813Z"}
{"context":"NestApplication","level":"info","message":"Nest application successfully started","timestamp":"2022-08-30T13:04:35.821Z"}
{"context":{"email":"sarmadshahid18@gmail.com"},"level":"info","message":"DatabaseService.isExists: checking documents in: users","timestamp":"2022-08-30T13:05:32.926Z"}
{"level":"info","message":"Hey! I'm listening on port: 3000","timestamp":"2022-08-30T13:07:25.302Z"}
{"context":"RoutesResolver","level":"info","message":"UsersController {/}:","timestamp":"2022-08-30T13:07:25.309Z"}
{"context":"RouterExplorer","level":"info","message":"Mapped {/, GET} route","timestamp":"2022-08-30T13:07:25.314Z"}
{"context":"RouterExplorer","level":"info","message":"Mapped {/user, POST} route","timestamp":"2022-08-30T13:07:25.316Z"}
{"context":"RouterExplorer","level":"info","message":"Mapped {/user/:email, GET} route","timestamp":"2022-08-30T13:07:25.317Z"}
{"context":"RouterExplorer","level":"info","message":"Mapped {/user, PUT} route","timestamp":"2022-08-30T13:07:25.319Z"}
{"context":"RouterExplorer","level":"info","message":"Mapped {/user/:email, DELETE} route","timestamp":"2022-08-30T13:07:25.320Z"}
{"context":"NestApplication","level":"info","message":"Nest application successfully started","timestamp":"2022-08-30T13:07:25.325Z"}
{"context":{"email":"sarmadshahid18@gmail.com"},"level":"info","message":"DatabaseService.isExists: checking documents in: function model(doc, fields, skipId) {\n      model.hooks.execPreSync('createModel', doc);\n      if (!(this instanceof model)) {\n        return new model(doc, fields, skipId);\n      }\n      const discriminatorKey = model.schema.options.discriminatorKey;\n\n      if (model.discriminators == null || doc == null || doc[discriminatorKey] == null) {\n        Model.call(this, doc, fields, skipId);\n        return;\n      }\n\n      // If discriminator key is set, use the discriminator instead (gh-7586)\n      const Discriminator = model.discriminators[doc[discriminatorKey]] ||\n        getDiscriminatorByValue(model.discriminators, doc[discriminatorKey]);\n      if (Discriminator != null) {\n        return new Discriminator(doc, fields, skipId);\n      }\n\n      // Otherwise, just use the top-level model\n      Model.call(this, doc, fields, skipId);\n    }","timestamp":"2022-08-30T13:07:30.799Z"}
{"level":"info","message":"Hey! I'm listening on port: 3000","timestamp":"2022-08-30T13:10:03.294Z"}
{"context":"RoutesResolver","level":"info","message":"UsersController {/}:","timestamp":"2022-08-30T13:10:03.304Z"}
{"context":"RouterExplorer","level":"info","message":"Mapped {/, GET} route","timestamp":"2022-08-30T13:10:03.311Z"}
{"context":"RouterExplorer","level":"info","message":"Mapped {/user, POST} route","timestamp":"2022-08-30T13:10:03.312Z"}
{"context":"RouterExplorer","level":"info","message":"Mapped {/user/:email, GET} route","timestamp":"2022-08-30T13:10:03.315Z"}
{"context":"RouterExplorer","level":"info","message":"Mapped {/user, PUT} route","timestamp":"2022-08-30T13:10:03.316Z"}
{"context":"RouterExplorer","level":"info","message":"Mapped {/user/:email, DELETE} route","timestamp":"2022-08-30T13:10:03.319Z"}
{"context":"NestApplication","level":"info","message":"Nest application successfully started","timestamp":"2022-08-30T13:10:03.329Z"}
{"level":"info","message":"Hey! I'm listening on port: 3000","timestamp":"2022-08-30T13:12:07.644Z"}
{"context":"RoutesResolver","level":"info","message":"UsersController {/}:","timestamp":"2022-08-30T13:12:07.654Z"}
{"context":"RouterExplorer","level":"info","message":"Mapped {/, GET} route","timestamp":"2022-08-30T13:12:07.661Z"}
{"context":"RouterExplorer","level":"info","message":"Mapped {/user, POST} route","timestamp":"2022-08-30T13:12:07.663Z"}
{"context":"RouterExplorer","level":"info","message":"Mapped {/user/:email, GET} route","timestamp":"2022-08-30T13:12:07.665Z"}
{"context":"RouterExplorer","level":"info","message":"Mapped {/user, PUT} route","timestamp":"2022-08-30T13:12:07.668Z"}
{"context":"RouterExplorer","level":"info","message":"Mapped {/user/:email, DELETE} route","timestamp":"2022-08-30T13:12:07.670Z"}
{"context":"NestApplication","level":"info","message":"Nest application successfully started","timestamp":"2022-08-30T13:12:07.678Z"}
{"context":{"email":"sarmadshahid18@gmail.com"},"level":"info","message":"DatabaseService.isExists: checking documents in: users","timestamp":"2022-08-30T13:12:12.868Z"}
{"context":{"email":"sarmadshahid18@gmail.com","firstName":"Sarmad","secondName":"Shahid"},"level":"info","message":"DatabaseService.addItem: Adding new item in: users","timestamp":"2022-08-30T13:12:12.880Z"}
{"context":{"__v":0,"_id":"630e0cacff125c9d72f4ba32","firstName":"Sarmad","secondName":"Shahid"},"level":"info","message":"DatabaseService.addItem: Received saved item from: users","timestamp":"2022-08-30T13:12:12.901Z"}
{"level":"info","message":"Hey! I'm listening on port: 3000","timestamp":"2022-08-30T13:13:34.613Z"}
{"context":"RoutesResolver","level":"info","message":"UsersController {/}:","timestamp":"2022-08-30T13:13:34.628Z"}
{"context":"RouterExplorer","level":"info","message":"Mapped {/, GET} route","timestamp":"2022-08-30T13:13:34.636Z"}
{"context":"RouterExplorer","level":"info","message":"Mapped {/user, POST} route","timestamp":"2022-08-30T13:13:34.638Z"}
{"context":"RouterExplorer","level":"info","message":"Mapped {/user/:email, GET} route","timestamp":"2022-08-30T13:13:34.640Z"}
{"context":"RouterExplorer","level":"info","message":"Mapped {/user, PUT} route","timestamp":"2022-08-30T13:13:34.641Z"}
{"context":"RouterExplorer","level":"info","message":"Mapped {/user/:email, DELETE} route","timestamp":"2022-08-30T13:13:34.642Z"}
{"context":"NestApplication","level":"info","message":"Nest application successfully started","timestamp":"2022-08-30T13:13:34.649Z"}
{"context":{"email":"sarmadshahid18@gmail.com"},"level":"info","message":"DatabaseService.isExists: checking documents in: users","timestamp":"2022-08-30T13:13:37.683Z"}
{"context":{"email":"sarmadshahid18@gmail.com","firstName":"Sarmad","secondName":"Shahid"},"level":"info","message":"DatabaseService.addItem: Adding new item in: users","timestamp":"2022-08-30T13:13:37.713Z"}
{"context":{"__v":0,"_id":"630e0d015f371137b8018aff","email":"sarmadshahid18@gmail.com","firstName":"Sarmad","secondName":"Shahid"},"level":"info","message":"DatabaseService.addItem: Received saved item from: users","timestamp":"2022-08-30T13:13:37.748Z"}
{"context":{"email":"sarmadshahid18@gmail.com"},"level":"info","message":"DatabaseService.isExists: checking documents in: users","timestamp":"2022-08-30T13:13:46.328Z"}
{"context":{"email":"sarmadshahid18@gmail.com"},"level":"info","message":"DatabaseService.isExists: Received query result from: users","timestamp":"2022-08-30T13:13:46.336Z"}
{"context":{"email":"sarmadshahid18@gmail.com"},"level":"info","message":"DatabaseService.getSingleItem: getting single item from: users","timestamp":"2022-08-30T13:14:11.353Z"}
{"context":[{"__v":0,"_id":"630e0d015f371137b8018aff","email":"sarmadshahid18@gmail.com","firstName":"Sarmad","secondName":"Shahid"}],"level":"info","message":"DatabaseService.getSingleItem: Received query result from: users","timestamp":"2022-08-30T13:14:11.362Z"}
{"context":{"email":"sarmadshahid18@gmail.com"},"level":"info","message":"DatabaseService.deleteItem: deleting single item from: users","timestamp":"2022-08-30T13:16:11.053Z"}
{"level":"info","message":"Hey! I'm listening on port: 3000","timestamp":"2022-08-30T13:19:38.701Z"}
{"context":"RoutesResolver","level":"info","message":"UsersController {/}:","timestamp":"2022-08-30T13:19:38.711Z"}
{"context":"RouterExplorer","level":"info","message":"Mapped {/, GET} route","timestamp":"2022-08-30T13:19:38.719Z"}
{"context":"RouterExplorer","level":"info","message":"Mapped {/user, POST} route","timestamp":"2022-08-30T13:19:38.722Z"}
{"context":"RouterExplorer","level":"info","message":"Mapped {/user/:email, GET} route","timestamp":"2022-08-30T13:19:38.724Z"}
{"context":"RouterExplorer","level":"info","message":"Mapped {/user/:email, PUT} route","timestamp":"2022-08-30T13:19:38.726Z"}
{"context":"RouterExplorer","level":"info","message":"Mapped {/user/:email, DELETE} route","timestamp":"2022-08-30T13:19:38.728Z"}
{"context":"NestApplication","level":"info","message":"Nest application successfully started","timestamp":"2022-08-30T13:19:38.735Z"}
{"context":{"email":"sarmadshahid18@gmail.com"},"level":"info","message":"DatabaseService.isExists: checking documents in: users","timestamp":"2022-08-30T13:20:20.502Z"}
{"context":{"email":"sarmadshahid18@gmail.com","firstName":"Sarmad","secondName":"Shahid"},"level":"info","message":"DatabaseService.addItem: Adding new item in: users","timestamp":"2022-08-30T13:20:20.517Z"}
{"context":{"__v":0,"_id":"630e0e94a847bf5178f78a50","email":"sarmadshahid18@gmail.com","firstName":"Sarmad","secondName":"Shahid"},"level":"info","message":"DatabaseService.addItem: Received saved item from: users","timestamp":"2022-08-30T13:20:20.554Z"}
{"context":{"email":"sarmadshahid18@gmail.com"},"level":"info","message":"DatabaseService.getSingleItem: getting single item from: users","timestamp":"2022-08-30T13:20:26.262Z"}
{"context":[{"__v":0,"_id":"630e0e94a847bf5178f78a50","email":"sarmadshahid18@gmail.com","firstName":"Sarmad","secondName":"Shahid"}],"level":"info","message":"DatabaseService.getSingleItem: Received query result from: users","timestamp":"2022-08-30T13:20:26.269Z"}
{"context":{"email":"sarmadshahid18@gmail.com"},"level":"info","message":"DatabaseService.updateItem: updating single item from: users","timestamp":"2022-08-30T13:21:00.697Z"}
{"context":{"__v":0,"_id":"630e0e94a847bf5178f78a50","email":"sarmadshahid18@gmail.com","firstName":"Sarmad","secondName":"Shahid"},"level":"info","message":"DatabaseService.updateItem: Received query result from: users","timestamp":"2022-08-30T13:21:00.710Z"}
{"level":"info","message":"Hey! I'm listening on port: 3000","timestamp":"2022-08-30T13:23:50.761Z"}
{"context":"RoutesResolver","level":"info","message":"UsersController {/}:","timestamp":"2022-08-30T13:23:50.794Z"}
{"context":"RouterExplorer","level":"info","message":"Mapped {/, GET} route","timestamp":"2022-08-30T13:23:50.812Z"}
{"context":"RouterExplorer","level":"info","message":"Mapped {/user, POST} route","timestamp":"2022-08-30T13:23:50.815Z"}
{"context":"RouterExplorer","level":"info","message":"Mapped {/user/:email, GET} route","timestamp":"2022-08-30T13:23:50.819Z"}
{"context":"RouterExplorer","level":"info","message":"Mapped {/user/:email, PUT} route","timestamp":"2022-08-30T13:23:50.823Z"}
{"context":"RouterExplorer","level":"info","message":"Mapped {/user/:email, DELETE} route","timestamp":"2022-08-30T13:23:50.827Z"}
{"context":"NestApplication","level":"info","message":"Nest application successfully started","timestamp":"2022-08-30T13:23:50.837Z"}
{"context":{"email":"sarmadshahid18@gmail.com"},"level":"info","message":"DatabaseService.updateItem: updating single item from: users","timestamp":"2022-08-30T13:23:55.464Z"}
{"context":{"__v":0,"_id":"630e0e94a847bf5178f78a50","email":"sarmadshahid18@gmail.com","firstName":"Sarmad","secondName":"Shahid"},"level":"info","message":"DatabaseService.updateItem: Received query result from: users","timestamp":"2022-08-30T13:23:55.507Z"}
{"level":"info","message":"Hey! I'm listening on port: 3000","timestamp":"2022-08-30T13:26:07.612Z"}
{"context":"RoutesResolver","level":"info","message":"UsersController {/}:","timestamp":"2022-08-30T13:26:07.621Z"}
{"context":"RouterExplorer","level":"info","message":"Mapped {/, GET} route","timestamp":"2022-08-30T13:26:07.627Z"}
{"context":"RouterExplorer","level":"info","message":"Mapped {/user, POST} route","timestamp":"2022-08-30T13:26:07.628Z"}
{"context":"RouterExplorer","level":"info","message":"Mapped {/user/:email, GET} route","timestamp":"2022-08-30T13:26:07.630Z"}
{"context":"RouterExplorer","level":"info","message":"Mapped {/user/:email, PUT} route","timestamp":"2022-08-30T13:26:07.632Z"}
{"context":"RouterExplorer","level":"info","message":"Mapped {/user/:email, DELETE} route","timestamp":"2022-08-30T13:26:07.634Z"}
{"context":"NestApplication","level":"info","message":"Nest application successfully started","timestamp":"2022-08-30T13:26:07.641Z"}
{"context":{"email":"sarmadshahid18@gmail.com"},"level":"info","message":"DatabaseService.isExists: checking documents in: users","timestamp":"2022-08-30T13:26:42.219Z"}
{"context":{"email":"sarmadshahid18@gmail.com","firstName":"Sarmad","secondName":"Shahid"},"level":"info","message":"DatabaseService.addItem: Adding new item in: users","timestamp":"2022-08-30T13:26:42.233Z"}
{"context":{"__v":0,"_id":"630e101269c9b134e419fcf9","email":"sarmadshahid18@gmail.com","firstName":"Sarmad","secondName":"Shahid"},"level":"info","message":"DatabaseService.addItem: Received saved item from: users","timestamp":"2022-08-30T13:26:42.257Z"}
{"context":{"email":"sarmadshahid18@gmail.com"},"level":"info","message":"DatabaseService.getSingleItem: getting single item from: users","timestamp":"2022-08-30T13:26:44.891Z"}
{"context":[{"__v":0,"_id":"630e101269c9b134e419fcf9","email":"sarmadshahid18@gmail.com","firstName":"Sarmad","secondName":"Shahid"}],"level":"info","message":"DatabaseService.getSingleItem: Received query result from: users","timestamp":"2022-08-30T13:26:44.901Z"}
{"context":{"email":"sarmadshahid18@gmail.com"},"level":"info","message":"DatabaseService.updateItem: updating single item from: users","timestamp":"2022-08-30T13:26:47.991Z"}
{"context":{"__v":0,"_id":"630e101269c9b134e419fcf9","email":"sarmadshahid18@gmail.com","firstName":"Sarmad","secondName":"Abbasi"},"level":"info","message":"DatabaseService.updateItem: Received query result from: users","timestamp":"2022-08-30T13:26:48.002Z"}
{"context":{"email":"sarmadshahid18@gmail.com"},"level":"info","message":"DatabaseService.deleteItem: deleting single item from: users","timestamp":"2022-08-30T13:26:52.247Z"}
{"level":"info","message":"Hey! I'm listening on port: 3000","timestamp":"2022-08-30T13:31:02.925Z"}
{"context":"RoutesResolver","level":"info","message":"UsersController {/}:","timestamp":"2022-08-30T13:31:02.939Z"}
{"context":"RouterExplorer","level":"info","message":"Mapped {/, GET} route","timestamp":"2022-08-30T13:31:02.948Z"}
{"context":"RouterExplorer","level":"info","message":"Mapped {/user, POST} route","timestamp":"2022-08-30T13:31:02.952Z"}
{"context":"RouterExplorer","level":"info","message":"Mapped {/user/:email, GET} route","timestamp":"2022-08-30T13:31:02.954Z"}
{"context":"RouterExplorer","level":"info","message":"Mapped {/user/:email, PUT} route","timestamp":"2022-08-30T13:31:02.956Z"}
{"context":"RouterExplorer","level":"info","message":"Mapped {/user/:email, DELETE} route","timestamp":"2022-08-30T13:31:02.959Z"}
{"context":"NestApplication","level":"info","message":"Nest application successfully started","timestamp":"2022-08-30T13:31:02.981Z"}
{"level":"info","message":"Hey! I'm listening on port: 3000","timestamp":"2022-08-30T13:32:09.974Z"}
{"context":"RoutesResolver","level":"info","message":"UsersController {/}:","timestamp":"2022-08-30T13:32:09.984Z"}
{"context":"RouterExplorer","level":"info","message":"Mapped {/, GET} route","timestamp":"2022-08-30T13:32:09.990Z"}
{"context":"RouterExplorer","level":"info","message":"Mapped {/user, POST} route","timestamp":"2022-08-30T13:32:09.993Z"}
{"context":"RouterExplorer","level":"info","message":"Mapped {/user/:email, GET} route","timestamp":"2022-08-30T13:32:09.995Z"}
{"context":"RouterExplorer","level":"info","message":"Mapped {/user/:email, PUT} route","timestamp":"2022-08-30T13:32:09.997Z"}
{"context":"RouterExplorer","level":"info","message":"Mapped {/user/:email, DELETE} route","timestamp":"2022-08-30T13:32:09.998Z"}
{"context":"NestApplication","level":"info","message":"Nest application successfully started","timestamp":"2022-08-30T13:32:10.005Z"}
{"level":"info","message":"Hey! I'm listening on port: 3000","timestamp":"2022-08-30T13:33:09.065Z"}
{"context":"RoutesResolver","level":"info","message":"UsersController {/}:","timestamp":"2022-08-30T13:33:09.073Z"}
{"context":"RouterExplorer","level":"info","message":"Mapped {/, GET} route","timestamp":"2022-08-30T13:33:09.079Z"}
{"context":"RouterExplorer","level":"info","message":"Mapped {/user, POST} route","timestamp":"2022-08-30T13:33:09.080Z"}
{"context":"RouterExplorer","level":"info","message":"Mapped {/user/:email, GET} route","timestamp":"2022-08-30T13:33:09.081Z"}
{"context":"RouterExplorer","level":"info","message":"Mapped {/user/:email, PUT} route","timestamp":"2022-08-30T13:33:09.083Z"}
{"context":"RouterExplorer","level":"info","message":"Mapped {/user/:email, DELETE} route","timestamp":"2022-08-30T13:33:09.085Z"}
{"context":"NestApplication","level":"info","message":"Nest application successfully started","timestamp":"2022-08-30T13:33:09.090Z"}
{"context":{"email":"sarmadshahid18@gmail.com"},"level":"info","message":"DatabaseService.isExists: checking documents in: users","timestamp":"2022-08-30T13:33:44.084Z"}
{"context":{"email":"sarmadshahid18@gmail.com","firstName":"Sarmad","secondName":"Shahid"},"level":"info","message":"DatabaseService.addItem: Adding new item in: users","timestamp":"2022-08-30T13:33:44.109Z"}
{"context":{"__v":0,"_id":"630e11b8990ce3b3db081b9b","email":"sarmadshahid18@gmail.com","firstName":"Sarmad","secondName":"Shahid"},"level":"info","message":"DatabaseService.addItem: Received saved item from: users","timestamp":"2022-08-30T13:33:44.140Z"}
{"context":{"email":"sarmadshahid18@gmail.com"},"level":"info","message":"DatabaseService.getSingleItem: getting single item from: users","timestamp":"2022-08-30T13:33:54.053Z"}
{"context":[{"__v":0,"_id":"630e11b8990ce3b3db081b9b","email":"sarmadshahid18@gmail.com","firstName":"Sarmad","secondName":"Shahid"}],"level":"info","message":"DatabaseService.getSingleItem: Received query result from: users","timestamp":"2022-08-30T13:33:54.062Z"}
{"context":{"email":"sarmadshahid18@gmail.com"},"level":"info","message":"DatabaseService.updateItem: updating single item from: users","timestamp":"2022-08-30T13:33:58.293Z"}
{"context":{"__v":0,"_id":"630e11b8990ce3b3db081b9b","email":"sarmadshahid18@gmail.com","firstName":"Sarmad","secondName":"Abbasi"},"level":"info","message":"DatabaseService.updateItem: Received query result from: users","timestamp":"2022-08-30T13:33:58.306Z"}
{"context":{"email":"sarmadshahid18@gmail.com"},"level":"info","message":"DatabaseService.deleteItem: deleting single item from: users","timestamp":"2022-08-30T13:34:06.219Z"}
{"context":{"email":"sarmadshahid18@gmail.com"},"level":"info","message":"DatabaseService.isExists: checking documents in: users","timestamp":"2022-08-30T13:36:18.083Z"}
{"context":{"email":"sarmadshahid18@gmail.com","firstName":"Sarmad","secondName":"Shahid"},"level":"info","message":"DatabaseService.addItem: Adding new item in: users","timestamp":"2022-08-30T13:36:18.087Z"}
{"context":{"__v":0,"_id":"630e1252990ce3b3db081ba1","email":"sarmadshahid18@gmail.com","firstName":"Sarmad","secondName":"Shahid"},"level":"info","message":"DatabaseService.addItem: Received saved item from: users","timestamp":"2022-08-30T13:36:18.097Z"}
{"context":{"email":"sarmadshahid18@gmail.com"},"level":"info","message":"DatabaseService.getSingleItem: getting single item from: users","timestamp":"2022-08-30T13:36:28.537Z"}
{"context":[{"__v":0,"_id":"630e1252990ce3b3db081ba1","email":"sarmadshahid18@gmail.com","firstName":"Sarmad","secondName":"Shahid"}],"level":"info","message":"DatabaseService.getSingleItem: Received query result from: users","timestamp":"2022-08-30T13:36:28.541Z"}
{"context":{"email":"sarmadshahid18@gmail.com"},"level":"info","message":"DatabaseService.updateItem: updating single item from: users","timestamp":"2022-08-30T13:36:32.746Z"}
{"context":{"__v":0,"_id":"630e1252990ce3b3db081ba1","email":"sarmadshahid18@gmail.com","firstName":"Sarmad","secondName":"Abbasi"},"level":"info","message":"DatabaseService.updateItem: Received query result from: users","timestamp":"2022-08-30T13:36:32.756Z"}
{"context":{"email":"sarmadshahid18@gmail.com"},"level":"info","message":"DatabaseService.deleteItem: deleting single item from: users","timestamp":"2022-08-30T13:36:42.878Z"}
